<?xml version='1.0' encoding='UTF-8'?>
<!DOCTYPE coverage SYSTEM 'http://cobertura.sourceforge.net/xml/coverage-04.dtd'>
<coverage line-rate="1.0" branch-rate="0.39316239316239315" lines-covered="308" lines-valid="308" branches-covered="184" branches-valid="468" complexity="0.0" timestamp="1644095846" version="gcovr 5.0"><sources><source>.</source></sources><packages><package name="project.include" line-rate="1.0" branch-rate="0.0" complexity="0.0"><classes><class name="BaseCryptoUtils_hpp" filename="project/include/BaseCryptoUtils.hpp" line-rate="1.0" branch-rate="0.0" complexity="0.0"><methods/><lines><line number="15" hits="592" branch="false"/><line number="18" hits="592" branch="false"/><line number="22" hits="2366" branch="false"/><line number="23" hits="592" branch="false"/></lines></class></classes></package><package name="project.src" line-rate="1.0" branch-rate="0.7410714285714286" complexity="0.0"><classes><class name="BaseCryptoUtils_cpp" filename="project/src/BaseCryptoUtils.cpp" line-rate="1.0" branch-rate="0.875" complexity="0.0"><methods/><lines><line number="19" hits="3463" branch="false"/><line number="20" hits="3463" branch="false"/><line number="21" hits="3463" branch="false"/><line number="22" hits="27328" branch="true" condition-coverage="75% (3/4)"><conditions><condition number="0" type="jump" coverage="75%"/></conditions></line><line number="23" hits="23865" branch="true" condition-coverage="100% (2/2)"><conditions><condition number="0" type="jump" coverage="100%"/></conditions></line><line number="24" hits="13786" branch="false"/><line number="27" hits="23865" branch="true" condition-coverage="100% (2/2)"><conditions><condition number="0" type="jump" coverage="100%"/></conditions></line><line number="28" hits="4839" branch="false"/><line number="30" hits="19026" branch="false"/><line number="32" hits="23865" branch="false"/><line number="34" hits="3463" branch="false"/></lines></class><class name="KeySchedule_cpp" filename="project/src/KeySchedule.cpp" line-rate="1.0" branch-rate="0.7" complexity="0.0"><methods/><lines><line number="9" hits="10" branch="false"/><line number="11" hits="10" branch="false"/><line number="12" hits="90" branch="true" condition-coverage="100% (2/2)"><conditions><condition number="0" type="jump" coverage="100%"/></conditions></line><line number="13" hits="160" branch="false"/><line number="14" hits="80" branch="false"/><line number="15" hits="80" branch="false"/><line number="16" hits="80" branch="false"/><line number="19" hits="530" branch="true" condition-coverage="100% (2/2)"><conditions><condition number="0" type="jump" coverage="100%"/></conditions></line><line number="20" hits="520" branch="false"/><line number="21" hits="520" branch="true" condition-coverage="100% (2/2)"><conditions><condition number="0" type="jump" coverage="100%"/></conditions></line><line number="22" hits="70" branch="true" condition-coverage="50% (1/2)"><conditions><condition number="0" type="jump" coverage="50%"/></conditions></line><line number="23" hits="70" branch="true" condition-coverage="50% (1/2)"><conditions><condition number="0" type="jump" coverage="50%"/></conditions></line><line number="24" hits="70" branch="true" condition-coverage="50% (2/4)"><conditions><condition number="0" type="jump" coverage="50%"/></conditions></line><line number="27" hits="520" branch="true" condition-coverage="100% (2/2)"><conditions><condition number="0" type="jump" coverage="100%"/></conditions></line><line number="28" hits="60" branch="true" condition-coverage="50% (1/2)"><conditions><condition number="0" type="jump" coverage="50%"/></conditions></line><line number="31" hits="520" branch="true" condition-coverage="50% (1/2)"><conditions><condition number="0" type="jump" coverage="50%"/></conditions></line><line number="33" hits="10" branch="false"/><line number="35" hits="131" branch="false"/><line number="40" hits="131" branch="false"/><line number="41" hits="524" branch="false"/><line number="42" hits="131" branch="false"/><line number="44" hits="71" branch="false"/><line number="50" hits="71" branch="false"/><line number="51" hits="71" branch="false"/></lines></class><class name="Rijndael_cpp" filename="project/src/Rijndael.cpp" line-rate="1.0" branch-rate="0.7105263157894737" complexity="0.0"><methods/><lines><line number="9" hits="2" branch="false"/><line number="11" hits="2" branch="true" condition-coverage="50% (1/2)"><conditions><condition number="0" type="jump" coverage="50%"/></conditions></line><line number="12" hits="2" branch="true" condition-coverage="50% (1/2)"><conditions><condition number="0" type="jump" coverage="50%"/></conditions></line><line number="14" hits="2" branch="false"/><line number="16" hits="28" branch="true" condition-coverage="100% (2/2)"><conditions><condition number="0" type="jump" coverage="100%"/></conditions></line><line number="17" hits="26" branch="true" condition-coverage="50% (1/2)"><conditions><condition number="0" type="jump" coverage="50%"/></conditions></line><line number="18" hits="26" branch="true" condition-coverage="50% (1/2)"><conditions><condition number="0" type="jump" coverage="50%"/></conditions></line><line number="19" hits="26" branch="true" condition-coverage="50% (1/2)"><conditions><condition number="0" type="jump" coverage="50%"/></conditions></line><line number="20" hits="26" branch="false"/><line number="21" hits="26" branch="false"/><line number="22" hits="26" branch="false"/><line number="23" hits="26" branch="false"/><line number="24" hits="26" branch="false"/><line number="25" hits="26" branch="false"/><line number="28" hits="2" branch="true" condition-coverage="50% (1/2)"><conditions><condition number="0" type="jump" coverage="50%"/></conditions></line><line number="29" hits="2" branch="true" condition-coverage="50% (1/2)"><conditions><condition number="0" type="jump" coverage="50%"/></conditions></line><line number="30" hits="2" branch="false"/><line number="31" hits="2" branch="false"/><line number="32" hits="2" branch="false"/><line number="33" hits="2" branch="false"/><line number="34" hits="2" branch="false"/><line number="35" hits="2" branch="false"/><line number="37" hits="4" branch="true" condition-coverage="50% (1/2)"><conditions><condition number="0" type="jump" coverage="50%"/></conditions></line><line number="40" hits="2" branch="false"/><line number="42" hits="2" branch="true" condition-coverage="50% (1/2)"><conditions><condition number="0" type="jump" coverage="50%"/></conditions></line><line number="43" hits="2" branch="true" condition-coverage="50% (1/2)"><conditions><condition number="0" type="jump" coverage="50%"/></conditions></line><line number="45" hits="2" branch="false"/><line number="46" hits="2" branch="false"/><line number="47" hits="2" branch="false"/><line number="48" hits="2" branch="false"/><line number="49" hits="2" branch="false"/><line number="50" hits="2" branch="false"/><line number="52" hits="28" branch="true" condition-coverage="100% (2/2)"><conditions><condition number="0" type="jump" coverage="100%"/></conditions></line><line number="53" hits="26" branch="true" condition-coverage="50% (1/2)"><conditions><condition number="0" type="jump" coverage="50%"/></conditions></line><line number="54" hits="26" branch="true" condition-coverage="50% (1/2)"><conditions><condition number="0" type="jump" coverage="50%"/></conditions></line><line number="55" hits="26" branch="false"/><line number="56" hits="26" branch="false"/><line number="57" hits="26" branch="false"/><line number="58" hits="26" branch="false"/><line number="59" hits="26" branch="false"/><line number="60" hits="26" branch="false"/><line number="61" hits="26" branch="true" condition-coverage="50% (1/2)"><conditions><condition number="0" type="jump" coverage="50%"/></conditions></line><line number="64" hits="2" branch="true" condition-coverage="50% (1/2)"><conditions><condition number="0" type="jump" coverage="50%"/></conditions></line><line number="65" hits="2" branch="true" condition-coverage="50% (1/2)"><conditions><condition number="0" type="jump" coverage="50%"/></conditions></line><line number="66" hits="2" branch="false"/><line number="68" hits="4" branch="true" condition-coverage="50% (1/2)"><conditions><condition number="0" type="jump" coverage="50%"/></conditions></line><line number="71" hits="61" branch="false"/><line number="72" hits="305" branch="true" condition-coverage="100% (2/2)"><conditions><condition number="0" type="jump" coverage="100%"/></conditions></line><line number="73" hits="1220" branch="true" condition-coverage="100% (2/2)"><conditions><condition number="0" type="jump" coverage="100%"/></conditions></line><line number="74" hits="976" branch="false"/><line number="77" hits="61" branch="false"/><line number="79" hits="30" branch="false"/><line number="80" hits="150" branch="true" condition-coverage="100% (2/2)"><conditions><condition number="0" type="jump" coverage="100%"/></conditions></line><line number="81" hits="600" branch="false"/><line number="83" hits="30" branch="false"/><line number="85" hits="30" branch="false"/><line number="86" hits="30" branch="false"/><line number="87" hits="150" branch="true" condition-coverage="100% (2/2)"><conditions><condition number="0" type="jump" coverage="100%"/></conditions></line><line number="88" hits="120" branch="false"/><line number="89" hits="120" branch="false"/><line number="91" hits="30" branch="false"/><line number="93" hits="27" branch="false"/><line number="94" hits="27" branch="false"/><line number="101" hits="135" branch="true" condition-coverage="100% (2/2)"><conditions><condition number="0" type="jump" coverage="100%"/></conditions></line><line number="102" hits="108" branch="false"/><line number="103" hits="540" branch="true" condition-coverage="100% (2/2)"><conditions><condition number="0" type="jump" coverage="100%"/></conditions></line><line number="104" hits="432" branch="true" condition-coverage="50% (1/2)"><conditions><condition number="0" type="jump" coverage="50%"/></conditions></line><line number="105" hits="1728" branch="true" condition-coverage="100% (2/2)"><conditions><condition number="0" type="jump" coverage="100%"/></conditions></line><line number="106" hits="1296" branch="true" condition-coverage="50% (1/2)"><conditions><condition number="0" type="jump" coverage="50%"/></conditions></line><line number="110" hits="540" branch="true" condition-coverage="100% (2/2)"><conditions><condition number="0" type="jump" coverage="100%"/></conditions></line><line number="111" hits="432" branch="false"/><line number="114" hits="27" branch="false"/><line number="116" hits="30" branch="false"/><line number="117" hits="150" branch="true" condition-coverage="100% (2/2)"><conditions><condition number="0" type="jump" coverage="100%"/></conditions></line><line number="118" hits="600" branch="false"/><line number="120" hits="30" branch="false"/><line number="122" hits="30" branch="false"/><line number="123" hits="30" branch="false"/><line number="124" hits="150" branch="true" condition-coverage="100% (2/2)"><conditions><condition number="0" type="jump" coverage="100%"/></conditions></line><line number="125" hits="120" branch="true" condition-coverage="50% (2/4)"><conditions><condition number="0" type="jump" coverage="50%"/></conditions></line><line number="126" hits="120" branch="false"/><line number="128" hits="30" branch="false"/><line number="130" hits="27" branch="false"/><line number="131" hits="27" branch="false"/><line number="138" hits="135" branch="true" condition-coverage="100% (2/2)"><conditions><condition number="0" type="jump" coverage="100%"/></conditions></line><line number="139" hits="108" branch="false"/><line number="140" hits="540" branch="true" condition-coverage="100% (2/2)"><conditions><condition number="0" type="jump" coverage="100%"/></conditions></line><line number="141" hits="432" branch="true" condition-coverage="50% (1/2)"><conditions><condition number="0" type="jump" coverage="50%"/></conditions></line><line number="142" hits="1728" branch="true" condition-coverage="100% (2/2)"><conditions><condition number="0" type="jump" coverage="100%"/></conditions></line><line number="143" hits="1296" branch="true" condition-coverage="50% (1/2)"><conditions><condition number="0" type="jump" coverage="50%"/></conditions></line><line number="147" hits="540" branch="true" condition-coverage="100% (2/2)"><conditions><condition number="0" type="jump" coverage="100%"/></conditions></line><line number="148" hits="432" branch="false"/><line number="151" hits="27" branch="false"/></lines></class><class name="State_cpp" filename="project/src/State.cpp" line-rate="1.0" branch-rate="1.0" complexity="0.0"><methods/><lines><line number="8" hits="15" branch="false"/><line number="9" hits="75" branch="true" condition-coverage="100% (2/2)"><conditions><condition number="0" type="jump" coverage="100%"/></conditions></line><line number="10" hits="300" branch="true" condition-coverage="100% (2/2)"><conditions><condition number="0" type="jump" coverage="100%"/></conditions></line><line number="11" hits="240" branch="false"/><line number="14" hits="15" branch="false"/><line number="16" hits="13" branch="false"/><line number="17" hits="13" branch="false"/><line number="18" hits="65" branch="true" condition-coverage="100% (2/2)"><conditions><condition number="0" type="jump" coverage="100%"/></conditions></line><line number="19" hits="260" branch="true" condition-coverage="100% (2/2)"><conditions><condition number="0" type="jump" coverage="100%"/></conditions></line><line number="20" hits="208" branch="false"/><line number="24" hits="13" branch="false"/></lines></class></classes></package><package name="tests" line-rate="1.0" branch-rate="0.28370786516853935" complexity="0.0"><classes><class name="BaseCryptoUtilsTests_cpp" filename="tests/BaseCryptoUtilsTests.cpp" line-rate="1.0" branch-rate="0.25" complexity="0.0"><methods/><lines><line number="15" hits="8" branch="false"/><line number="16" hits="2" branch="false"/><line number="17" hits="2" branch="false"/><line number="18" hits="2" branch="false"/><line number="19" hits="2" branch="false"/><line number="20" hits="2" branch="true" condition-coverage="50% (1/2)"><conditions><condition number="0" type="jump" coverage="50%"/></conditions></line><line number="21" hits="2" branch="true" condition-coverage="20% (2/10)"><conditions><condition number="0" type="jump" coverage="20%"/></conditions></line><line number="24" hits="8" branch="false"/><line number="25" hits="2" branch="false"/><line number="26" hits="2" branch="false"/><line number="27" hits="2" branch="false"/><line number="28" hits="2" branch="false"/><line number="29" hits="2" branch="true" condition-coverage="50% (1/2)"><conditions><condition number="0" type="jump" coverage="50%"/></conditions></line><line number="30" hits="2" branch="true" condition-coverage="20% (2/10)"><conditions><condition number="0" type="jump" coverage="20%"/></conditions></line><line number="33" hits="8" branch="false"/><line number="34" hits="2" branch="true" condition-coverage="25% (3/12)"><conditions><condition number="0" type="jump" coverage="25%"/></conditions></line><line number="35" hits="2" branch="true" condition-coverage="25% (3/12)"><conditions><condition number="0" type="jump" coverage="25%"/></conditions></line><line number="36" hits="2" branch="true" condition-coverage="25% (3/12)"><conditions><condition number="0" type="jump" coverage="25%"/></conditions></line><line number="37" hits="2" branch="false"/><line number="38" hits="2" branch="false"/><line number="39" hits="2" branch="false"/><line number="40" hits="2" branch="false"/><line number="41" hits="2" branch="false"/></lines></class><class name="KeyScheduleTests_cpp" filename="tests/KeyScheduleTests.cpp" line-rate="1.0" branch-rate="0.2926829268292683" complexity="0.0"><methods/><lines><line number="11" hits="4" branch="false"/><line number="12" hits="4" branch="false"/><line number="14" hits="1" branch="false"/><line number="15" hits="1" branch="false"/><line number="16" hits="1" branch="false"/><line number="18" hits="1" branch="false"/><line number="19" hits="1" branch="false"/><line number="20" hits="1" branch="false"/><line number="34" hits="4" branch="false"/><line number="35" hits="132" branch="true" condition-coverage="100% (2/2)"><conditions><condition number="0" type="jump" coverage="100%"/></conditions></line><line number="36" hits="128" branch="false"/><line number="39" hits="36" branch="true" condition-coverage="100% (2/2)"><conditions><condition number="0" type="jump" coverage="100%"/></conditions></line><line number="40" hits="64" branch="false"/><line number="41" hits="32" branch="false"/><line number="42" hits="32" branch="false"/><line number="43" hits="32" branch="false"/><line number="46" hits="4" branch="true" condition-coverage="50% (1/2)"><conditions><condition number="0" type="jump" coverage="50%"/></conditions></line><line number="47" hits="4" branch="false"/><line number="50" hits="8" branch="false"/><line number="51" hits="2" branch="true" condition-coverage="20% (2/10)"><conditions><condition number="0" type="jump" coverage="20%"/></conditions></line><line number="52" hits="2" branch="true" condition-coverage="20% (2/10)"><conditions><condition number="0" type="jump" coverage="20%"/></conditions></line><line number="55" hits="8" branch="false"/><line number="56" hits="18" branch="true" condition-coverage="100% (2/2)"><conditions><condition number="0" type="jump" coverage="100%"/></conditions></line><line number="57" hits="16" branch="true" condition-coverage="16% (2/12)"><conditions><condition number="0" type="jump" coverage="16%"/></conditions></line><line number="61" hits="8" branch="false"/><line number="62" hits="2" branch="false"/><line number="63" hits="2" branch="true" condition-coverage="50% (1/2)"><conditions><condition number="0" type="jump" coverage="50%"/></conditions></line><line number="64" hits="2" branch="true" condition-coverage="16% (2/12)"><conditions><condition number="0" type="jump" coverage="16%"/></conditions></line><line number="67" hits="8" branch="false"/><line number="68" hits="2" branch="false"/><line number="69" hits="2" branch="false"/><line number="70" hits="2" branch="true" condition-coverage="50% (1/2)"><conditions><condition number="0" type="jump" coverage="50%"/></conditions></line><line number="71" hits="2" branch="true" condition-coverage="16% (2/12)"><conditions><condition number="0" type="jump" coverage="16%"/></conditions></line><line number="74" hits="8" branch="false"/><line number="84" hits="2" branch="false"/><line number="96" hits="2" branch="false"/><line number="161" hits="2" branch="true" condition-coverage="50% (1/2)"><conditions><condition number="0" type="jump" coverage="50%"/></conditions></line><line number="162" hits="122" branch="true" condition-coverage="100% (2/2)"><conditions><condition number="0" type="jump" coverage="100%"/></conditions></line><line number="163" hits="120" branch="true" condition-coverage="20% (2/10)"><conditions><condition number="0" type="jump" coverage="20%"/></conditions></line><line number="176" hits="2" branch="false"/></lines></class><class name="RijndaelTests_cpp" filename="tests/RijndaelTests.cpp" line-rate="1.0" branch-rate="0.3125" complexity="0.0"><methods/><lines><line number="63" hits="2" branch="false"/><line number="64" hits="2" branch="false"/><line number="65" hits="2" branch="false"/><line number="67" hits="2" branch="false"/><line number="68" hits="2" branch="false"/><line number="69" hits="2" branch="false"/><line number="71" hits="2" branch="false"/><line number="72" hits="2" branch="false"/><line number="73" hits="2" branch="false"/><line number="75" hits="2" branch="false"/><line number="76" hits="2" branch="false"/><line number="77" hits="2" branch="false"/><line number="79" hits="1" branch="false"/><line number="80" hits="1" branch="false"/><line number="81" hits="1" branch="false"/><line number="83" hits="1" branch="false"/><line number="84" hits="1" branch="false"/><line number="85" hits="1" branch="false"/><line number="87" hits="1" branch="false"/><line number="89" hits="1" branch="false"/><line number="90" hits="1" branch="false"/><line number="93" hits="8" branch="false"/><line number="94" hits="2" branch="true" condition-coverage="50% (1/2)"><conditions><condition number="0" type="jump" coverage="50%"/></conditions></line><line number="95" hits="2" branch="false"/><line number="96" hits="2" branch="false"/><line number="97" hits="2" branch="true" condition-coverage="50% (1/2)"><conditions><condition number="0" type="jump" coverage="50%"/></conditions></line><line number="98" hits="2" branch="true" condition-coverage="25% (3/12)"><conditions><condition number="0" type="jump" coverage="25%"/></conditions></line><line number="101" hits="8" branch="false"/><line number="102" hits="2" branch="false"/><line number="103" hits="2" branch="true" condition-coverage="50% (1/2)"><conditions><condition number="0" type="jump" coverage="50%"/></conditions></line><line number="104" hits="2" branch="false"/><line number="105" hits="2" branch="true" condition-coverage="50% (1/2)"><conditions><condition number="0" type="jump" coverage="50%"/></conditions></line><line number="106" hits="2" branch="true" condition-coverage="25% (3/12)"><conditions><condition number="0" type="jump" coverage="25%"/></conditions></line><line number="109" hits="8" branch="false"/><line number="110" hits="2" branch="false"/><line number="111" hits="2" branch="false"/><line number="112" hits="2" branch="true" condition-coverage="50% (1/2)"><conditions><condition number="0" type="jump" coverage="50%"/></conditions></line><line number="113" hits="2" branch="true" condition-coverage="50% (1/2)"><conditions><condition number="0" type="jump" coverage="50%"/></conditions></line><line number="114" hits="2" branch="true" condition-coverage="50% (1/2)"><conditions><condition number="0" type="jump" coverage="50%"/></conditions></line><line number="115" hits="2" branch="true" condition-coverage="50% (1/2)"><conditions><condition number="0" type="jump" coverage="50%"/></conditions></line><line number="118" hits="2" branch="true" condition-coverage="20% (2/10)"><conditions><condition number="0" type="jump" coverage="20%"/></conditions></line><line number="121" hits="8" branch="false"/><line number="122" hits="2" branch="true" condition-coverage="50% (1/2)"><conditions><condition number="0" type="jump" coverage="50%"/></conditions></line><line number="123" hits="2" branch="false"/><line number="124" hits="2" branch="true" condition-coverage="50% (1/2)"><conditions><condition number="0" type="jump" coverage="50%"/></conditions></line><line number="125" hits="2" branch="true" condition-coverage="25% (3/12)"><conditions><condition number="0" type="jump" coverage="25%"/></conditions></line><line number="128" hits="8" branch="false"/><line number="129" hits="2" branch="true" condition-coverage="50% (1/2)"><conditions><condition number="0" type="jump" coverage="50%"/></conditions></line><line number="130" hits="2" branch="false"/><line number="131" hits="2" branch="true" condition-coverage="50% (1/2)"><conditions><condition number="0" type="jump" coverage="50%"/></conditions></line><line number="132" hits="2" branch="true" condition-coverage="25% (3/12)"><conditions><condition number="0" type="jump" coverage="25%"/></conditions></line><line number="135" hits="8" branch="false"/><line number="136" hits="2" branch="true" condition-coverage="50% (1/2)"><conditions><condition number="0" type="jump" coverage="50%"/></conditions></line><line number="137" hits="2" branch="false"/><line number="138" hits="2" branch="true" condition-coverage="50% (1/2)"><conditions><condition number="0" type="jump" coverage="50%"/></conditions></line><line number="139" hits="2" branch="true" condition-coverage="50% (1/2)"><conditions><condition number="0" type="jump" coverage="50%"/></conditions></line><line number="142" hits="2" branch="true" condition-coverage="25% (3/12)"><conditions><condition number="0" type="jump" coverage="25%"/></conditions></line><line number="145" hits="8" branch="false"/><line number="146" hits="2" branch="true" condition-coverage="50% (1/2)"><conditions><condition number="0" type="jump" coverage="50%"/></conditions></line><line number="147" hits="2" branch="false"/><line number="148" hits="2" branch="true" condition-coverage="50% (1/2)"><conditions><condition number="0" type="jump" coverage="50%"/></conditions></line><line number="149" hits="2" branch="true" condition-coverage="50% (1/2)"><conditions><condition number="0" type="jump" coverage="50%"/></conditions></line><line number="152" hits="2" branch="true" condition-coverage="25% (3/12)"><conditions><condition number="0" type="jump" coverage="25%"/></conditions></line><line number="155" hits="8" branch="false"/><line number="156" hits="2" branch="false"/><line number="161" hits="2" branch="true" condition-coverage="50% (1/2)"><conditions><condition number="0" type="jump" coverage="50%"/></conditions></line><line number="162" hits="2" branch="true" condition-coverage="50% (1/2)"><conditions><condition number="0" type="jump" coverage="50%"/></conditions></line><line number="163" hits="2" branch="false"/><line number="164" hits="2" branch="true" condition-coverage="50% (1/2)"><conditions><condition number="0" type="jump" coverage="50%"/></conditions></line><line number="165" hits="2" branch="true" condition-coverage="25% (3/12)"><conditions><condition number="0" type="jump" coverage="25%"/></conditions></line><line number="168" hits="8" branch="false"/><line number="169" hits="2" branch="false"/><line number="170" hits="2" branch="true" condition-coverage="50% (1/2)"><conditions><condition number="0" type="jump" coverage="50%"/></conditions></line><line number="171" hits="2" branch="true" condition-coverage="20% (2/10)"><conditions><condition number="0" type="jump" coverage="20%"/></conditions></line><line number="174" hits="8" branch="false"/><line number="175" hits="2" branch="false"/><line number="176" hits="2" branch="true" condition-coverage="50% (1/2)"><conditions><condition number="0" type="jump" coverage="50%"/></conditions></line><line number="177" hits="2" branch="true" condition-coverage="20% (2/10)"><conditions><condition number="0" type="jump" coverage="20%"/></conditions></line><line number="180" hits="4" branch="false"/><line number="181" hits="1" branch="false"/><line number="182" hits="1" branch="false"/><line number="183" hits="16" branch="false"/><line number="185" hits="1" branch="false"/><line number="186" hits="1" branch="false"/><line number="187" hits="1" branch="false"/><line number="188" hits="1" branch="false"/></lines></class><class name="StateTests_cpp" filename="tests/StateTests.cpp" line-rate="1.0" branch-rate="0.2222222222222222" complexity="0.0"><methods/><lines><line number="9" hits="8" branch="false"/><line number="11" hits="2" branch="false"/><line number="12" hits="2" branch="true" condition-coverage="50% (1/2)"><conditions><condition number="0" type="jump" coverage="50%"/></conditions></line><line number="13" hits="2" branch="true" condition-coverage="20% (2/10)"><conditions><condition number="0" type="jump" coverage="20%"/></conditions></line><line number="14" hits="2" branch="true" condition-coverage="20% (2/10)"><conditions><condition number="0" type="jump" coverage="20%"/></conditions></line><line number="15" hits="2" branch="true" condition-coverage="20% (2/10)"><conditions><condition number="0" type="jump" coverage="20%"/></conditions></line><line number="16" hits="2" branch="true" condition-coverage="20% (2/10)"><conditions><condition number="0" type="jump" coverage="20%"/></conditions></line><line number="19" hits="8" branch="false"/><line number="21" hits="2" branch="false"/><line number="22" hits="2" branch="true" condition-coverage="50% (1/2)"><conditions><condition number="0" type="jump" coverage="50%"/></conditions></line><line number="23" hits="2" branch="true" condition-coverage="20% (2/10)"><conditions><condition number="0" type="jump" coverage="20%"/></conditions></line><line number="26" hits="4" branch="false"/><line number="28" hits="1" branch="false"/><line number="29" hits="1" branch="false"/><line number="30" hits="1" branch="false"/><line number="31" hits="1" branch="false"/></lines></class></classes></package></packages></coverage>